c:\users\miche\documents\cpsc2376-richter\projects\project04\project04\x64\debug\vc143.pdb
c:\users\miche\documents\cpsc2376-richter\projects\project04\project04\x64\debug\vc143.idb
c:\users\miche\documents\cpsc2376-richter\projects\project04\project04\x64\debug\main.obj
c:\users\miche\documents\cpsc2376-richter\projects\project04\project04\x64\debug\game.obj
c:\users\miche\documents\cpsc2376-richter\projects\project04\x64\debug\project04.exe
c:\users\miche\documents\cpsc2376-richter\projects\project04\x64\debug\project04.pdb
c:\users\miche\documents\cpsc2376-richter\projects\project04\x64\debug\sdl2d.dll
c:\users\miche\documents\cpsc2376-richter\projects\project04\x64\debug\sdl2_ttfd.dll
c:\users\miche\documents\cpsc2376-richter\projects\project04\x64\debug\freetyped.dll
c:\users\miche\documents\cpsc2376-richter\projects\project04\x64\debug\zlibd1.dll
c:\users\miche\documents\cpsc2376-richter\projects\project04\x64\debug\bz2d.dll
c:\users\miche\documents\cpsc2376-richter\projects\project04\x64\debug\libpng16d.dll
c:\users\miche\documents\cpsc2376-richter\projects\project04\x64\debug\brotlidec.dll
c:\users\miche\documents\cpsc2376-richter\projects\project04\x64\debug\brotlicommon.dll
c:\users\miche\documents\cpsc2376-richter\projects\project04\project04\x64\debug\project04.ilk
c:\users\miche\documents\cpsc2376-richter\projects\project04\project04\x64\debug\project04.tlog\cl.command.1.tlog
c:\users\miche\documents\cpsc2376-richter\projects\project04\project04\x64\debug\project04.tlog\cl.items.tlog
c:\users\miche\documents\cpsc2376-richter\projects\project04\project04\x64\debug\project04.tlog\cl.read.1.tlog
c:\users\miche\documents\cpsc2376-richter\projects\project04\project04\x64\debug\project04.tlog\cl.write.1.tlog
c:\users\miche\documents\cpsc2376-richter\projects\project04\project04\x64\debug\project04.tlog\link.command.1.tlog
c:\users\miche\documents\cpsc2376-richter\projects\project04\project04\x64\debug\project04.tlog\link.read.1.tlog
c:\users\miche\documents\cpsc2376-richter\projects\project04\project04\x64\debug\project04.tlog\link.secondary.1.tlog
c:\users\miche\documents\cpsc2376-richter\projects\project04\project04\x64\debug\project04.tlog\link.write.1.tlog
c:\users\miche\documents\cpsc2376-richter\projects\project04\project04\x64\debug\project04.tlog\project04.write.1u.tlog
